<?xml version="1.0" encoding="UTF-8"?>
<!-- Generated by org.testng.reporters.JUnitReportReporter -->
<testsuite skipped="0" hostname="DESKTOP-19NCAKV" name="pages.PG2" tests="1" failures="0" timestamp="2022-02-25T16:11:31 IST" time="3.040" errors="0">
  <testcase name="PG2test" time="3.040" classname="pages.PG2"/>
  <system-out/>
</testsuite> <!-- pages.PG2 -->
