<?xml version="1.0" encoding="UTF-8"?>
<!-- Generated by org.testng.reporters.JUnitReportReporter -->
<testsuite skipped="0" hostname="DESKTOP-19NCAKV" name="demo.TestngParameterDemo" tests="1" failures="0" timestamp="2022-02-25T22:31:13 IST" time="0.011" errors="0">
  <testcase name="test" time="0.011" classname="demo.TestngParameterDemo"/>
  <system-out/>
</testsuite> <!-- demo.TestngParameterDemo -->
