<?xml version="1.0" encoding="UTF-8"?>
<!-- Generated by org.testng.reporters.JUnitReportReporter -->
<testsuite skipped="0" hostname="DESKTOP-19NCAKV" name="demo.TestngMultiBrowserDemo" tests="6" failures="0" timestamp="2022-02-25T19:40:49 IST" time="92.563" errors="0">
  <testcase name="test3" time="17.842" classname="demo.TestngMultiBrowserDemo"/>
  <system-out/>
  <testcase name="test3" time="14.863" classname="demo.TestngMultiBrowserDemo"/>
  <system-out/>
  <testcase name="test2" time="15.713" classname="demo.TestngMultiBrowserDemo"/>
  <system-out/>
  <testcase name="test2" time="19.592" classname="demo.TestngMultiBrowserDemo"/>
  <system-out/>
  <testcase name="test1" time="13.173" classname="demo.TestngMultiBrowserDemo"/>
  <system-out/>
  <testcase name="test1" time="11.380" classname="demo.TestngMultiBrowserDemo"/>
  <system-out/>
</testsuite> <!-- demo.TestngMultiBrowserDemo -->
