<?xml version="1.0" encoding="UTF-8"?>
<!-- Generated by org.testng.reporters.JUnitReportReporter -->
<testsuite skipped="0" hostname="DESKTOP-19NCAKV" name="test.TestngDemo" tests="1" failures="0" timestamp="2022-02-23T22:45:50 IST" time="4.039" errors="0">
  <testcase name="googlesearch" time="4.039" classname="test.TestngDemo"/>
  <system-out/>
</testsuite> <!-- test.TestngDemo -->
