<?xml version="1.0" encoding="UTF-8"?>
<!-- Generated by org.testng.reporters.JUnitReportReporter -->
<testsuite skipped="0" hostname="DESKTOP-19NCAKV" name="demo.TestngGroupDemo" tests="4" failures="0" timestamp="2022-02-25T22:18:45 IST" time="0.018" errors="0">
  <testcase name="test1" time="0.011" classname="demo.TestngGroupDemo"/>
  <system-out/>
  <testcase name="test3" time="0.002" classname="demo.TestngGroupDemo"/>
  <system-out/>
  <testcase name="test4" time="0.002" classname="demo.TestngGroupDemo"/>
  <system-out/>
  <testcase name="test2" time="0.003" classname="demo.TestngGroupDemo"/>
  <system-out/>
</testsuite> <!-- demo.TestngGroupDemo -->
