<?xml version="1.0" encoding="UTF-8"?>
<!-- Generated by org.testng.reporters.JUnitReportReporter -->
<testsuite skipped="0" hostname="DESKTOP-19NCAKV" name="demo.TestngDependencyDemo" tests="3" failures="0" timestamp="2022-02-25T22:49:43 IST" time="0.013" errors="0">
  <testcase name="test3" time="0.002" classname="demo.TestngDependencyDemo"/>
  <system-out/>
  <testcase name="test1" time="0.001" classname="demo.TestngDependencyDemo"/>
  <system-out/>
  <testcase name="test2" time="0.010" classname="demo.TestngDependencyDemo"/>
  <system-out/>
</testsuite> <!-- demo.TestngDependencyDemo -->
