<?xml version="1.0" encoding="UTF-8"?>
<!-- Generated by org.testng.reporters.JUnitReportReporter -->
<testsuite skipped="0" hostname="DESKTOP-19NCAKV" name="pages.PG1" tests="1" failures="0" timestamp="2022-02-25T15:36:55 IST" time="11.755" errors="0">
  <testcase name="PG1test" time="11.755" classname="pages.PG1"/>
  <system-out/>
</testsuite> <!-- pages.PG1 -->
